This file contains any messages produced by compilers while
running configure, to aid debugging if configure makes a mistake.

It was created by totemaddtoplaylist configure 0.1, which was
generated by GNU Autoconf 2.67.  Invocation command line was

  $ ./configure --prefix=/usr/ --libdir=/usr/lib/nautilus/extensions-2.0

## --------- ##
## Platform. ##
## --------- ##

hostname = modicum-HP-Pro-3400-Series-MT
uname -m = i686
uname -r = 2.6.38-8-generic
uname -s = Linux
uname -v = #42-Ubuntu SMP Mon Apr 11 03:31:50 UTC 2011

/usr/bin/uname -p = unknown
/bin/uname -X     = unknown

/bin/arch              = unknown
/usr/bin/arch -k       = unknown
/usr/convex/getsysinfo = unknown
/usr/bin/hostinfo      = unknown
/bin/machine           = unknown
/usr/bin/oslevel       = unknown
/bin/universe          = unknown

PATH: /usr/local/sbin
PATH: /usr/local/bin
PATH: /usr/sbin
PATH: /usr/bin
PATH: /sbin
PATH: /bin
PATH: /usr/games


## ----------- ##
## Core tests. ##
## ----------- ##

configure:2428: checking for a BSD-compatible install
configure:2496: result: /usr/bin/install -c
configure:2507: checking whether build environment is sane
configure:2557: result: yes
configure:2698: checking for a thread-safe mkdir -p
configure:2737: result: /bin/mkdir -p
configure:2750: checking for gawk
configure:2780: result: no
configure:2750: checking for mawk
configure:2766: found /usr/bin/mawk
configure:2777: result: mawk
configure:2788: checking whether make sets $(MAKE)
configure:2810: result: yes
configure:2893: checking whether to enable maintainer-specific portions of Makefiles
configure:2902: result: no
configure:2964: checking for gcc
configure:2980: found /usr/bin/gcc
configure:2991: result: gcc
configure:3220: checking for C compiler version
configure:3229: gcc --version >&5
gcc (Ubuntu/Linaro 4.5.2-8ubuntu4) 4.5.2
Copyright (C) 2010 Free Software Foundation, Inc.
This is free software; see the source for copying conditions.  There is NO
warranty; not even for MERCHANTABILITY or FITNESS FOR A PARTICULAR PURPOSE.

configure:3240: $? = 0
configure:3229: gcc -v >&5
Using built-in specs.
COLLECT_GCC=gcc
COLLECT_LTO_WRAPPER=/usr/lib/i386-linux-gnu/gcc/i686-linux-gnu/4.5.2/lto-wrapper
Target: i686-linux-gnu
Configured with: ../src/configure -v --with-pkgversion='Ubuntu/Linaro 4.5.2-8ubuntu4' --with-bugurl=file:///usr/share/doc/gcc-4.5/README.Bugs --enable-languages=c,c++,fortran,objc,obj-c++ --prefix=/usr --program-suffix=-4.5 --enable-shared --enable-multiarch --with-multiarch-defaults=i386-linux-gnu --enable-linker-build-id --with-system-zlib --libexecdir=/usr/lib/i386-linux-gnu --without-included-gettext --enable-threads=posix --with-gxx-include-dir=/usr/include/c++/4.5 --libdir=/usr/lib/i386-linux-gnu --enable-nls --with-sysroot=/ --enable-clocale=gnu --enable-libstdcxx-debug --enable-libstdcxx-time=yes --enable-plugin --enable-gold --enable-ld=default --with-plugin-ld=ld.gold --enable-objc-gc --enable-targets=all --disable-werror --with-arch-32=i686 --with-tune=generic --enable-checking=release --build=i686-linux-gnu --host=i686-linux-gnu --target=i686-linux-gnu
Thread model: posix
gcc version 4.5.2 (Ubuntu/Linaro 4.5.2-8ubuntu4) 
configure:3240: $? = 0
configure:3229: gcc -V >&5
gcc: '-V' option must have argument
configure:3240: $? = 1
configure:3229: gcc -qversion >&5
gcc: unrecognized option '-qversion'
gcc: no input files
configure:3240: $? = 1
configure:3260: checking whether the C compiler works
configure:3282: gcc    conftest.c  >&5
configure:3286: $? = 0
configure:3334: result: yes
configure:3337: checking for C compiler default output file name
configure:3339: result: a.out
configure:3345: checking for suffix of executables
configure:3352: gcc -o conftest    conftest.c  >&5
configure:3356: $? = 0
configure:3378: result: 
configure:3400: checking whether we are cross compiling
configure:3408: gcc -o conftest    conftest.c  >&5
configure:3412: $? = 0
configure:3419: ./conftest
configure:3423: $? = 0
configure:3438: result: no
configure:3443: checking for suffix of object files
configure:3465: gcc -c   conftest.c >&5
configure:3469: $? = 0
configure:3490: result: o
configure:3494: checking whether we are using the GNU C compiler
configure:3513: gcc -c   conftest.c >&5
configure:3513: $? = 0
configure:3522: result: yes
configure:3531: checking whether gcc accepts -g
configure:3551: gcc -c -g  conftest.c >&5
configure:3551: $? = 0
configure:3592: result: yes
configure:3609: checking for gcc option to accept ISO C89
configure:3673: gcc  -c -g -O2  conftest.c >&5
configure:3673: $? = 0
configure:3686: result: none needed
configure:3717: checking for style of include used by make
configure:3745: result: GNU
configure:3770: checking dependency style of gcc
configure:3880: result: gcc3
configure:3912: checking how to run the C preprocessor
configure:3943: gcc -E  conftest.c
configure:3943: $? = 0
configure:3957: gcc -E  conftest.c
conftest.c:12:28: fatal error: ac_nonexistent.h: No such file or directory
compilation terminated.
configure:3957: $? = 1
configure: failed program was:
| /* confdefs.h */
| #define PACKAGE_NAME "totemaddtoplaylist"
| #define PACKAGE_TARNAME "totemaddtoplaylist"
| #define PACKAGE_VERSION "0.1"
| #define PACKAGE_STRING "totemaddtoplaylist 0.1"
| #define PACKAGE_BUGREPORT ""
| #define PACKAGE_URL ""
| #define PACKAGE "totemaddtoplaylist"
| #define VERSION "0.1"
| #define GETTEXT_PACKAGE "totemaddtoplaylist"
| /* end confdefs.h.  */
| #include <ac_nonexistent.h>
configure:3982: result: gcc -E
configure:4002: gcc -E  conftest.c
configure:4002: $? = 0
configure:4016: gcc -E  conftest.c
conftest.c:12:28: fatal error: ac_nonexistent.h: No such file or directory
compilation terminated.
configure:4016: $? = 1
configure: failed program was:
| /* confdefs.h */
| #define PACKAGE_NAME "totemaddtoplaylist"
| #define PACKAGE_TARNAME "totemaddtoplaylist"
| #define PACKAGE_VERSION "0.1"
| #define PACKAGE_STRING "totemaddtoplaylist 0.1"
| #define PACKAGE_BUGREPORT ""
| #define PACKAGE_URL ""
| #define PACKAGE "totemaddtoplaylist"
| #define VERSION "0.1"
| #define GETTEXT_PACKAGE "totemaddtoplaylist"
| /* end confdefs.h.  */
| #include <ac_nonexistent.h>
configure:4045: checking for grep that handles long lines and -e
configure:4103: result: /bin/grep
configure:4108: checking for egrep
configure:4170: result: /bin/grep -E
configure:4175: checking for ANSI C header files
configure:4195: gcc -c -g -O2  conftest.c >&5
configure:4195: $? = 0
configure:4268: gcc -o conftest -g -O2   conftest.c  >&5
configure:4268: $? = 0
configure:4268: ./conftest
configure:4268: $? = 0
configure:4279: result: yes
configure:4292: checking for sys/types.h
configure:4292: gcc -c -g -O2  conftest.c >&5
configure:4292: $? = 0
configure:4292: result: yes
configure:4292: checking for sys/stat.h
configure:4292: gcc -c -g -O2  conftest.c >&5
configure:4292: $? = 0
configure:4292: result: yes
configure:4292: checking for stdlib.h
configure:4292: gcc -c -g -O2  conftest.c >&5
configure:4292: $? = 0
configure:4292: result: yes
configure:4292: checking for string.h
configure:4292: gcc -c -g -O2  conftest.c >&5
configure:4292: $? = 0
configure:4292: result: yes
configure:4292: checking for memory.h
configure:4292: gcc -c -g -O2  conftest.c >&5
configure:4292: $? = 0
configure:4292: result: yes
configure:4292: checking for strings.h
configure:4292: gcc -c -g -O2  conftest.c >&5
configure:4292: $? = 0
configure:4292: result: yes
configure:4292: checking for inttypes.h
configure:4292: gcc -c -g -O2  conftest.c >&5
configure:4292: $? = 0
configure:4292: result: yes
configure:4292: checking for stdint.h
configure:4292: gcc -c -g -O2  conftest.c >&5
configure:4292: $? = 0
configure:4292: result: yes
configure:4292: checking for unistd.h
configure:4292: gcc -c -g -O2  conftest.c >&5
configure:4292: $? = 0
configure:4292: result: yes
configure:4307: checking locale.h usability
configure:4307: gcc -c -g -O2  conftest.c >&5
configure:4307: $? = 0
configure:4307: result: yes
configure:4307: checking locale.h presence
configure:4307: gcc -E  conftest.c
configure:4307: $? = 0
configure:4307: result: yes
configure:4307: checking for locale.h
configure:4307: result: yes
configure:4318: checking for LC_MESSAGES
configure:4334: gcc -o conftest -g -O2   conftest.c  >&5
configure:4334: $? = 0
configure:4342: result: yes
configure:4359: checking libintl.h usability
configure:4359: gcc -c -g -O2  conftest.c >&5
configure:4359: $? = 0
configure:4359: result: yes
configure:4359: checking libintl.h presence
configure:4359: gcc -E  conftest.c
configure:4359: $? = 0
configure:4359: result: yes
configure:4359: checking for libintl.h
configure:4359: result: yes
configure:4367: checking for ngettext in libc
configure:4385: gcc -o conftest -g -O2   conftest.c  >&5
configure:4385: $? = 0
configure:4394: result: yes
configure:4398: checking for dgettext in libc
configure:4416: gcc -o conftest -g -O2   conftest.c  >&5
configure:4416: $? = 0
configure:4425: result: yes
configure:4432: checking for bind_textdomain_codeset
configure:4432: gcc -o conftest -g -O2   conftest.c  >&5
configure:4432: $? = 0
configure:4432: result: yes
configure:4708: checking for msgfmt
configure:4735: result: /usr/bin/msgfmt
configure:4746: checking for dcgettext
configure:4746: gcc -o conftest -g -O2   conftest.c   >&5
conftest.c:49:6: warning: conflicting types for built-in function 'dcgettext'
configure:4746: $? = 0
configure:4746: result: yes
configure:4756: checking if msgfmt accepts -c
configure:4771: $MSGFMT -c -o /dev/null conftest.foo
configure:4774: $? = 0
configure:4776: result: yes
configure:4786: checking for gmsgfmt
configure:4817: result: /usr/bin/msgfmt
configure:4827: checking for xgettext
configure:4854: result: /usr/bin/xgettext
configure:4873: gcc -o conftest -g -O2   conftest.c   >&5
configure:4873: $? = 0
configure:5009: checking whether NLS is requested
configure:5018: result: yes
configure:5033: checking for intltool >= 0.35.0
configure:5040: result: 0.41.1 found
configure:5048: checking for intltool-update
configure:5066: found /usr/bin/intltool-update
configure:5078: result: /usr/bin/intltool-update
configure:5088: checking for intltool-merge
configure:5106: found /usr/bin/intltool-merge
configure:5118: result: /usr/bin/intltool-merge
configure:5128: checking for intltool-extract
configure:5146: found /usr/bin/intltool-extract
configure:5158: result: /usr/bin/intltool-extract
configure:5289: checking for xgettext
configure:5319: result: /usr/bin/xgettext
configure:5329: checking for msgmerge
configure:5347: found /usr/bin/msgmerge
configure:5359: result: /usr/bin/msgmerge
configure:5369: checking for msgfmt
configure:5399: result: /usr/bin/msgfmt
configure:5409: checking for gmsgfmt
configure:5440: result: /usr/bin/msgfmt
configure:5460: checking for perl
configure:5478: found /usr/bin/perl
configure:5490: result: /usr/bin/perl
configure:5501: checking for perl >= 5.8.1
configure:5508: result: 5.10.1
configure:5512: checking for XML::Parser
configure:5515: result: ok
configure:5628: checking build system type
configure:5642: result: i686-pc-linux-gnu
configure:5662: checking host system type
configure:5675: result: i686-pc-linux-gnu
configure:5695: checking for a sed that does not truncate output
configure:5759: result: /bin/sed
configure:5777: checking for fgrep
configure:5839: result: /bin/grep -F
configure:5874: checking for ld used by gcc
configure:5941: result: /usr/bin/ld
configure:5948: checking if the linker (/usr/bin/ld) is GNU ld
configure:5963: result: yes
configure:5975: checking for BSD- or MS-compatible name lister (nm)
configure:6024: result: /usr/bin/nm -B
configure:6142: checking the name lister (/usr/bin/nm -B) interface
configure:6149: gcc -c -g -O2  conftest.c >&5
configure:6152: /usr/bin/nm -B "conftest.o"
configure:6155: output
00000000 B some_variable
configure:6162: result: BSD nm
configure:6165: checking whether ln -s works
configure:6169: result: yes
configure:6177: checking the maximum length of command line arguments
configure:6297: result: 1572864
configure:6314: checking whether the shell understands some XSI constructs
configure:6324: result: yes
configure:6328: checking whether the shell understands "+="
configure:6334: result: yes
configure:6369: checking for /usr/bin/ld option to reload object files
configure:6376: result: -r
configure:6445: checking for objdump
configure:6461: found /usr/bin/objdump
configure:6472: result: objdump
configure:6504: checking how to recognize dependent libraries
configure:6700: result: pass_all
configure:6760: checking for ar
configure:6776: found /usr/bin/ar
configure:6787: result: ar
configure:6865: checking for strip
configure:6881: found /usr/bin/strip
configure:6892: result: strip
configure:6964: checking for ranlib
configure:6980: found /usr/bin/ranlib
configure:6991: result: ranlib
configure:7081: checking command to parse /usr/bin/nm -B output from gcc object
configure:7199: gcc -c -g -O2  conftest.c >&5
configure:7202: $? = 0
configure:7206: /usr/bin/nm -B conftest.o \| sed -n -e 's/^.*[	 ]\([ABCDGIRSTW][ABCDGIRSTW]*\)[	 ][	 ]*\([_A-Za-z][_A-Za-z0-9]*\)$/\1 \2 \2/p' \> conftest.nm
configure:7209: $? = 0
configure:7263: gcc -o conftest -g -O2   conftest.c conftstm.o >&5
configure:7266: $? = 0
configure:7304: result: ok
configure:8109: checking for dlfcn.h
configure:8109: gcc -c -g -O2  conftest.c >&5
configure:8109: $? = 0
configure:8109: result: yes
configure:8263: checking for objdir
configure:8278: result: .libs
configure:8570: checking if gcc supports -fno-rtti -fno-exceptions
configure:8588: gcc -c -g -O2  -fno-rtti -fno-exceptions conftest.c >&5
cc1: warning: command line option "-fno-rtti" is valid for C++/ObjC++ but not for C
configure:8592: $? = 0
configure:8605: result: no
configure:8625: checking for gcc option to produce PIC
configure:8897: result: -fPIC -DPIC
configure:8909: checking if gcc PIC flag -fPIC -DPIC works
configure:8927: gcc -c -g -O2  -fPIC -DPIC -DPIC conftest.c >&5
configure:8931: $? = 0
configure:8944: result: yes
configure:8968: checking if gcc static flag -static works
configure:8996: result: yes
configure:9011: checking if gcc supports -c -o file.o
configure:9032: gcc -c -g -O2  -o out/conftest2.o conftest.c >&5
configure:9036: $? = 0
configure:9058: result: yes
configure:9066: checking if gcc supports -c -o file.o
configure:9113: result: yes
configure:9146: checking whether the gcc linker (/usr/bin/ld) supports shared libraries
configure:10137: result: yes
configure:10174: checking whether -lc should be explicitly linked in
configure:10179: gcc -c -g -O2  conftest.c >&5
configure:10182: $? = 0
configure:10197: gcc -shared conftest.o  -v -Wl,-soname -Wl,conftest -o conftest 2\>\&1 \| /bin/grep  -lc  \>/dev/null 2\>\&1
configure:10200: $? = 0
configure:10212: result: no
configure:10376: checking dynamic linker characteristics
configure:10809: gcc -o conftest -g -O2   -Wl,-rpath -Wl,/foo conftest.c  >&5
configure:10809: $? = 0
configure:11039: result: GNU/Linux ld.so
configure:11141: checking how to hardcode library paths into programs
configure:11166: result: immediate
configure:11686: checking whether stripping libraries is possible
configure:11691: result: yes
configure:11726: checking if libtool supports shared libraries
configure:11728: result: yes
configure:11731: checking whether to build shared libraries
configure:11752: result: yes
configure:11755: checking whether to build static libraries
configure:11759: result: no
configure:11849: checking for pkg-config
configure:11867: found /usr/bin/pkg-config
configure:11879: result: /usr/bin/pkg-config
configure:11904: checking pkg-config is at least version 0.9.0
configure:11907: result: yes
configure:11917: checking for TOTEMADDTOPLAYLIST
configure:11924: $PKG_CONFIG --exists --print-errors "libnautilus-extension "
configure:11927: $? = 0
configure:11940: $PKG_CONFIG --exists --print-errors "libnautilus-extension "
configure:11943: $? = 0
configure:12000: result: yes
configure:12137: creating ./config.status

## ---------------------- ##
## Running config.status. ##
## ---------------------- ##

This file was extended by totemaddtoplaylist config.status 0.1, which was
generated by GNU Autoconf 2.67.  Invocation command line was

  CONFIG_FILES    = 
  CONFIG_HEADERS  = 
  CONFIG_LINKS    = 
  CONFIG_COMMANDS = 
  $ ./config.status 

on modicum-HP-Pro-3400-Series-MT

config.status:1153: creating Makefile
config.status:1153: creating src/libtotemaddtoplaylist-0.1.pc
config.status:1153: creating src/Makefile
config.status:1153: creating po/Makefile.in
config.status:1153: creating config.h
config.status:1333: config.h is unchanged
config.status:1381: executing depfiles commands
config.status:1381: executing default-1 commands
config.status:1381: executing libtool commands
config.status:1381: executing po/stamp-it commands

## ---------------- ##
## Cache variables. ##
## ---------------- ##

ac_cv_build=i686-pc-linux-gnu
ac_cv_c_compiler_gnu=yes
ac_cv_env_CC_set=
ac_cv_env_CC_value=
ac_cv_env_CFLAGS_set=
ac_cv_env_CFLAGS_value=
ac_cv_env_CPPFLAGS_set=
ac_cv_env_CPPFLAGS_value=
ac_cv_env_CPP_set=
ac_cv_env_CPP_value=
ac_cv_env_LDFLAGS_set=
ac_cv_env_LDFLAGS_value=
ac_cv_env_LIBS_set=
ac_cv_env_LIBS_value=
ac_cv_env_PKG_CONFIG_LIBDIR_set=
ac_cv_env_PKG_CONFIG_LIBDIR_value=
ac_cv_env_PKG_CONFIG_PATH_set=
ac_cv_env_PKG_CONFIG_PATH_value=
ac_cv_env_PKG_CONFIG_set=
ac_cv_env_PKG_CONFIG_value=
ac_cv_env_TOTEMADDTOPLAYLIST_CFLAGS_set=
ac_cv_env_TOTEMADDTOPLAYLIST_CFLAGS_value=
ac_cv_env_TOTEMADDTOPLAYLIST_LIBS_set=
ac_cv_env_TOTEMADDTOPLAYLIST_LIBS_value=
ac_cv_env_build_alias_set=
ac_cv_env_build_alias_value=
ac_cv_env_host_alias_set=
ac_cv_env_host_alias_value=
ac_cv_env_target_alias_set=
ac_cv_env_target_alias_value=
ac_cv_func_bind_textdomain_codeset=yes
ac_cv_func_dcgettext=yes
ac_cv_header_dlfcn_h=yes
ac_cv_header_inttypes_h=yes
ac_cv_header_libintl_h=yes
ac_cv_header_locale_h=yes
ac_cv_header_memory_h=yes
ac_cv_header_stdc=yes
ac_cv_header_stdint_h=yes
ac_cv_header_stdlib_h=yes
ac_cv_header_string_h=yes
ac_cv_header_strings_h=yes
ac_cv_header_sys_stat_h=yes
ac_cv_header_sys_types_h=yes
ac_cv_header_unistd_h=yes
ac_cv_host=i686-pc-linux-gnu
ac_cv_objext=o
ac_cv_path_EGREP='/bin/grep -E'
ac_cv_path_FGREP='/bin/grep -F'
ac_cv_path_GMSGFMT=/usr/bin/msgfmt
ac_cv_path_GREP=/bin/grep
ac_cv_path_INTLTOOL_EXTRACT=/usr/bin/intltool-extract
ac_cv_path_INTLTOOL_MERGE=/usr/bin/intltool-merge
ac_cv_path_INTLTOOL_PERL=/usr/bin/perl
ac_cv_path_INTLTOOL_UPDATE=/usr/bin/intltool-update
ac_cv_path_MSGFMT=/usr/bin/msgfmt
ac_cv_path_MSGMERGE=/usr/bin/msgmerge
ac_cv_path_SED=/bin/sed
ac_cv_path_XGETTEXT=/usr/bin/xgettext
ac_cv_path_ac_pt_PKG_CONFIG=/usr/bin/pkg-config
ac_cv_path_install='/usr/bin/install -c'
ac_cv_path_mkdir=/bin/mkdir
ac_cv_prog_AWK=mawk
ac_cv_prog_CPP='gcc -E'
ac_cv_prog_ac_ct_AR=ar
ac_cv_prog_ac_ct_CC=gcc
ac_cv_prog_ac_ct_OBJDUMP=objdump
ac_cv_prog_ac_ct_RANLIB=ranlib
ac_cv_prog_ac_ct_STRIP=strip
ac_cv_prog_cc_c89=
ac_cv_prog_cc_g=yes
ac_cv_prog_make_make_set=yes
am_cv_CC_dependencies_compiler_type=gcc3
am_cv_val_LC_MESSAGES=yes
gt_cv_func_dgettext_libc=yes
gt_cv_func_dgettext_libintl=no
gt_cv_func_ngettext_libc=yes
gt_cv_have_gettext=yes
lt_cv_deplibs_check_method=pass_all
lt_cv_file_magic_cmd='$MAGIC_CMD'
lt_cv_file_magic_test_file=
lt_cv_ld_reload_flag=-r
lt_cv_nm_interface='BSD nm'
lt_cv_objdir=.libs
lt_cv_path_LD=/usr/bin/ld
lt_cv_path_NM='/usr/bin/nm -B'
lt_cv_prog_compiler_c_o=yes
lt_cv_prog_compiler_pic_works=yes
lt_cv_prog_compiler_rtti_exceptions=no
lt_cv_prog_compiler_static_works=yes
lt_cv_prog_gnu_ld=yes
lt_cv_sys_global_symbol_pipe='sed -n -e '\''s/^.*[	 ]\([ABCDGIRSTW][ABCDGIRSTW]*\)[	 ][	 ]*\([_A-Za-z][_A-Za-z0-9]*\)$/\1 \2 \2/p'\'''
lt_cv_sys_global_symbol_to_c_name_address='sed -n -e '\''s/^: \([^ ]*\) $/  {\"\1\", (void *) 0},/p'\'' -e '\''s/^[ABCDGIRSTW]* \([^ ]*\) \([^ ]*\)$/  {"\2", (void *) \&\2},/p'\'''
lt_cv_sys_global_symbol_to_c_name_address_lib_prefix='sed -n -e '\''s/^: \([^ ]*\) $/  {\"\1\", (void *) 0},/p'\'' -e '\''s/^[ABCDGIRSTW]* \([^ ]*\) \(lib[^ ]*\)$/  {"\2", (void *) \&\2},/p'\'' -e '\''s/^[ABCDGIRSTW]* \([^ ]*\) \([^ ]*\)$/  {"lib\2", (void *) \&\2},/p'\'''
lt_cv_sys_global_symbol_to_cdecl='sed -n -e '\''s/^T .* \(.*\)$/extern int \1();/p'\'' -e '\''s/^[ABCDGIRSTW]* .* \(.*\)$/extern char \1;/p'\'''
lt_cv_sys_max_cmd_len=1572864
pkg_cv_TOTEMADDTOPLAYLIST_CFLAGS='-pthread -I/usr/include/glib-2.0 -I/usr/lib/i386-linux-gnu/glib-2.0/include -I/usr/include/atk-1.0 -I/usr/include/pango-1.0 -I/usr/include/gio-unix-2.0/ -I/usr/include/freetype2 -I/usr/include/libpng12 -I/usr/include/nautilus -I/usr/include/gtk-2.0 -I/usr/lib/gtk-2.0/include -I/usr/include/cairo -I/usr/include/gdk-pixbuf-2.0 -I/usr/include/pixman-1  '
pkg_cv_TOTEMADDTOPLAYLIST_LIBS='-pthread -L/usr/lib/i386-linux-gnu -lnautilus-extension -lgtk-x11-2.0 -lgdk-x11-2.0 -latk-1.0 -lgio-2.0 -lpangoft2-1.0 -lpangocairo-1.0 -lgdk_pixbuf-2.0 -lm -lcairo -lpango-1.0 -lfreetype -lfontconfig -lgobject-2.0 -lgmodule-2.0 -lgthread-2.0 -lrt -lglib-2.0  '

## ----------------- ##
## Output variables. ##
## ----------------- ##

ACLOCAL='${SHELL} /home/kator/totemaddtoplaylist/missing --run aclocal-1.11'
ALL_LINGUAS=''
AMDEPBACKSLASH='\'
AMDEP_FALSE='#'
AMDEP_TRUE=''
AMTAR='${SHELL} /home/kator/totemaddtoplaylist/missing --run tar'
AM_BACKSLASH='\'
AM_DEFAULT_VERBOSITY='0'
AR='ar'
AUTOCONF='${SHELL} /home/kator/totemaddtoplaylist/missing --run autoconf'
AUTOHEADER='${SHELL} /home/kator/totemaddtoplaylist/missing --run autoheader'
AUTOMAKE='${SHELL} /home/kator/totemaddtoplaylist/missing --run automake-1.11'
AWK='mawk'
CATALOGS=''
CATOBJEXT='.gmo'
CC='gcc'
CCDEPMODE='depmode=gcc3'
CFLAGS='-g -O2'
CPP='gcc -E'
CPPFLAGS=''
CYGPATH_W='echo'
DATADIRNAME='share'
DEFS='-DHAVE_CONFIG_H'
DEPDIR='.deps'
DSYMUTIL=''
DUMPBIN=''
ECHO_C=''
ECHO_N='-n'
ECHO_T=''
EGREP='/bin/grep -E'
EXEEXT=''
FGREP='/bin/grep -F'
GETTEXT_PACKAGE='totemaddtoplaylist'
GMOFILES=''
GMSGFMT='/usr/bin/msgfmt'
GREP='/bin/grep'
INSTALL_DATA='${INSTALL} -m 644'
INSTALL_PROGRAM='${INSTALL}'
INSTALL_SCRIPT='${INSTALL}'
INSTALL_STRIP_PROGRAM='$(install_sh) -c -s'
INSTOBJEXT='.mo'
INTLLIBS=''
INTLTOOL_CAVES_RULE='%.caves:     %.caves.in     $(INTLTOOL_MERGE) $(wildcard $(top_srcdir)/po/*.po) ; LC_ALL=C $(INTLTOOL_MERGE) -d -u -c $(top_builddir)/po/.intltool-merge-cache $(top_srcdir)/po $< $@'
INTLTOOL_DESKTOP_RULE='%.desktop:   %.desktop.in   $(INTLTOOL_MERGE) $(wildcard $(top_srcdir)/po/*.po) ; LC_ALL=C $(INTLTOOL_MERGE) -d -u -c $(top_builddir)/po/.intltool-merge-cache $(top_srcdir)/po $< $@'
INTLTOOL_DIRECTORY_RULE='%.directory: %.directory.in $(INTLTOOL_MERGE) $(wildcard $(top_srcdir)/po/*.po) ; LC_ALL=C $(INTLTOOL_MERGE) -d -u -c $(top_builddir)/po/.intltool-merge-cache $(top_srcdir)/po $< $@'
INTLTOOL_EXTRACT='/usr/bin/intltool-extract'
INTLTOOL_KBD_RULE='%.kbd:       %.kbd.in       $(INTLTOOL_MERGE) $(wildcard $(top_srcdir)/po/*.po) ; LC_ALL=C $(INTLTOOL_MERGE) -x -u -m -c $(top_builddir)/po/.intltool-merge-cache $(top_srcdir)/po $< $@'
INTLTOOL_KEYS_RULE='%.keys:      %.keys.in      $(INTLTOOL_MERGE) $(wildcard $(top_srcdir)/po/*.po) ; LC_ALL=C $(INTLTOOL_MERGE) -k -u -c $(top_builddir)/po/.intltool-merge-cache $(top_srcdir)/po $< $@'
INTLTOOL_MERGE='/usr/bin/intltool-merge'
INTLTOOL_OAF_RULE='%.oaf:       %.oaf.in       $(INTLTOOL_MERGE) $(wildcard $(top_srcdir)/po/*.po) ; LC_ALL=C $(INTLTOOL_MERGE) -o -p $(top_srcdir)/po $< $@'
INTLTOOL_PERL='/usr/bin/perl'
INTLTOOL_POLICY_RULE='%.policy:    %.policy.in    $(INTLTOOL_MERGE) $(wildcard $(top_srcdir)/po/*.po) ; LC_ALL=C $(INTLTOOL_MERGE) -x -u -c $(top_builddir)/po/.intltool-merge-cache $(top_srcdir)/po $< $@'
INTLTOOL_PONG_RULE='%.pong:      %.pong.in      $(INTLTOOL_MERGE) $(wildcard $(top_srcdir)/po/*.po) ; LC_ALL=C $(INTLTOOL_MERGE) -x -u -c $(top_builddir)/po/.intltool-merge-cache $(top_srcdir)/po $< $@'
INTLTOOL_PROP_RULE='%.prop:      %.prop.in      $(INTLTOOL_MERGE) $(wildcard $(top_srcdir)/po/*.po) ; LC_ALL=C $(INTLTOOL_MERGE) -d -u -c $(top_builddir)/po/.intltool-merge-cache $(top_srcdir)/po $< $@'
INTLTOOL_SCHEMAS_RULE='%.schemas:   %.schemas.in   $(INTLTOOL_MERGE) $(wildcard $(top_srcdir)/po/*.po) ; LC_ALL=C $(INTLTOOL_MERGE) -s -u -c $(top_builddir)/po/.intltool-merge-cache $(top_srcdir)/po $< $@'
INTLTOOL_SERVER_RULE='%.server:    %.server.in    $(INTLTOOL_MERGE) $(wildcard $(top_srcdir)/po/*.po) ; LC_ALL=C $(INTLTOOL_MERGE) -o -u -c $(top_builddir)/po/.intltool-merge-cache $(top_srcdir)/po $< $@'
INTLTOOL_SERVICE_RULE='%.service: %.service.in   $(INTLTOOL_MERGE) $(wildcard $(top_srcdir)/po/*.po) ; LC_ALL=C $(INTLTOOL_MERGE) -d -u -c $(top_builddir)/po/.intltool-merge-cache $(top_srcdir)/po $< $@'
INTLTOOL_SHEET_RULE='%.sheet:     %.sheet.in     $(INTLTOOL_MERGE) $(wildcard $(top_srcdir)/po/*.po) ; LC_ALL=C $(INTLTOOL_MERGE) -x -u -c $(top_builddir)/po/.intltool-merge-cache $(top_srcdir)/po $< $@'
INTLTOOL_SOUNDLIST_RULE='%.soundlist: %.soundlist.in $(INTLTOOL_MERGE) $(wildcard $(top_srcdir)/po/*.po) ; LC_ALL=C $(INTLTOOL_MERGE) -d -u -c $(top_builddir)/po/.intltool-merge-cache $(top_srcdir)/po $< $@'
INTLTOOL_THEME_RULE='%.theme:     %.theme.in     $(INTLTOOL_MERGE) $(wildcard $(top_srcdir)/po/*.po) ; LC_ALL=C $(INTLTOOL_MERGE) -d -u -c $(top_builddir)/po/.intltool-merge-cache $(top_srcdir)/po $< $@'
INTLTOOL_UI_RULE='%.ui:        %.ui.in        $(INTLTOOL_MERGE) $(wildcard $(top_srcdir)/po/*.po) ; LC_ALL=C $(INTLTOOL_MERGE) -x -u -c $(top_builddir)/po/.intltool-merge-cache $(top_srcdir)/po $< $@'
INTLTOOL_UPDATE='/usr/bin/intltool-update'
INTLTOOL_XAM_RULE='%.xam:       %.xml.in       $(INTLTOOL_MERGE) $(wildcard $(top_srcdir)/po/*.po) ; LC_ALL=C $(INTLTOOL_MERGE) -x -u -c $(top_builddir)/po/.intltool-merge-cache $(top_srcdir)/po $< $@'
INTLTOOL_XML_NOMERGE_RULE='%.xml:       %.xml.in       $(INTLTOOL_MERGE) ; LC_ALL=C $(INTLTOOL_MERGE) -x -u /tmp $< $@'
INTLTOOL_XML_RULE='%.xml:       %.xml.in       $(INTLTOOL_MERGE) $(wildcard $(top_srcdir)/po/*.po) ; LC_ALL=C $(INTLTOOL_MERGE) -x -u -c $(top_builddir)/po/.intltool-merge-cache $(top_srcdir)/po $< $@'
LD='/usr/bin/ld'
LDFLAGS=''
LIBOBJS=''
LIBS=''
LIBTOOL='$(SHELL) $(top_builddir)/libtool'
LIPO=''
LN_S='ln -s'
LTLIBOBJS=''
MAINT='#'
MAINTAINER_MODE_FALSE=''
MAINTAINER_MODE_TRUE='#'
MAKEINFO='${SHELL} /home/kator/totemaddtoplaylist/missing --run makeinfo'
MKDIR_P='/bin/mkdir -p'
MKINSTALLDIRS='./mkinstalldirs'
MSGFMT='/usr/bin/msgfmt'
MSGFMT_OPTS='-c'
MSGMERGE='/usr/bin/msgmerge'
NM='/usr/bin/nm -B'
NMEDIT=''
OBJDUMP='objdump'
OBJEXT='o'
OTOOL64=''
OTOOL=''
PACKAGE='totemaddtoplaylist'
PACKAGE_BUGREPORT=''
PACKAGE_NAME='totemaddtoplaylist'
PACKAGE_STRING='totemaddtoplaylist 0.1'
PACKAGE_TARNAME='totemaddtoplaylist'
PACKAGE_URL=''
PACKAGE_VERSION='0.1'
PATH_SEPARATOR=':'
PKG_CONFIG='/usr/bin/pkg-config'
PKG_CONFIG_LIBDIR=''
PKG_CONFIG_PATH=''
POFILES=''
POSUB='po'
PO_IN_DATADIR_FALSE=''
PO_IN_DATADIR_TRUE=''
RANLIB='ranlib'
SED='/bin/sed'
SET_MAKE=''
SHELL='/bin/bash'
STRIP='strip'
TOTEMADDTOPLAYLIST_CFLAGS='-pthread -I/usr/include/glib-2.0 -I/usr/lib/i386-linux-gnu/glib-2.0/include -I/usr/include/atk-1.0 -I/usr/include/pango-1.0 -I/usr/include/gio-unix-2.0/ -I/usr/include/freetype2 -I/usr/include/libpng12 -I/usr/include/nautilus -I/usr/include/gtk-2.0 -I/usr/lib/gtk-2.0/include -I/usr/include/cairo -I/usr/include/gdk-pixbuf-2.0 -I/usr/include/pixman-1  '
TOTEMADDTOPLAYLIST_LIBS='-pthread -L/usr/lib/i386-linux-gnu -lnautilus-extension -lgtk-x11-2.0 -lgdk-x11-2.0 -latk-1.0 -lgio-2.0 -lpangoft2-1.0 -lpangocairo-1.0 -lgdk_pixbuf-2.0 -lm -lcairo -lpango-1.0 -lfreetype -lfontconfig -lgobject-2.0 -lgmodule-2.0 -lgthread-2.0 -lrt -lglib-2.0  '
USE_NLS='yes'
VERSION='0.1'
XGETTEXT='/usr/bin/xgettext'
ac_ct_CC='gcc'
ac_ct_DUMPBIN=''
am__EXEEXT_FALSE=''
am__EXEEXT_TRUE='#'
am__fastdepCC_FALSE='#'
am__fastdepCC_TRUE=''
am__include='include'
am__isrc=''
am__leading_dot='.'
am__quote=''
am__tar='${AMTAR} chof - "$$tardir"'
am__untar='${AMTAR} xf -'
bindir='${exec_prefix}/bin'
build='i686-pc-linux-gnu'
build_alias=''
build_cpu='i686'
build_os='linux-gnu'
build_vendor='pc'
datadir='${datarootdir}'
datarootdir='${prefix}/share'
docdir='${datarootdir}/doc/${PACKAGE_TARNAME}'
dvidir='${docdir}'
exec_prefix='${prefix}'
host='i686-pc-linux-gnu'
host_alias=''
host_cpu='i686'
host_os='linux-gnu'
host_vendor='pc'
htmldir='${docdir}'
includedir='${prefix}/include'
infodir='${datarootdir}/info'
install_sh='${SHELL} /home/kator/totemaddtoplaylist/install-sh'
libdir='/usr/lib/nautilus/extensions-2.0'
libexecdir='${exec_prefix}/libexec'
localedir='${datarootdir}/locale'
localstatedir='${prefix}/var'
lt_ECHO='echo'
mandir='${datarootdir}/man'
mkdir_p='/bin/mkdir -p'
oldincludedir='/usr/include'
pdfdir='${docdir}'
prefix='/usr'
program_transform_name='s,x,x,'
psdir='${docdir}'
sbindir='${exec_prefix}/sbin'
sharedstatedir='${prefix}/com'
sysconfdir='${prefix}/etc'
target_alias=''

## ----------- ##
## confdefs.h. ##
## ----------- ##

/* confdefs.h */
#define PACKAGE_NAME "totemaddtoplaylist"
#define PACKAGE_TARNAME "totemaddtoplaylist"
#define PACKAGE_VERSION "0.1"
#define PACKAGE_STRING "totemaddtoplaylist 0.1"
#define PACKAGE_BUGREPORT ""
#define PACKAGE_URL ""
#define PACKAGE "totemaddtoplaylist"
#define VERSION "0.1"
#define GETTEXT_PACKAGE "totemaddtoplaylist"
#define STDC_HEADERS 1
#define HAVE_SYS_TYPES_H 1
#define HAVE_SYS_STAT_H 1
#define HAVE_STDLIB_H 1
#define HAVE_STRING_H 1
#define HAVE_MEMORY_H 1
#define HAVE_STRINGS_H 1
#define HAVE_INTTYPES_H 1
#define HAVE_STDINT_H 1
#define HAVE_UNISTD_H 1
#define HAVE_LOCALE_H 1
#define HAVE_LC_MESSAGES 1
#define HAVE_BIND_TEXTDOMAIN_CODESET 1
#define HAVE_GETTEXT 1
#define HAVE_DCGETTEXT 1
#define ENABLE_NLS 1
#define HAVE_DLFCN_H 1
#define LT_OBJDIR ".libs/"

configure: exit 0
